<?xml version="1.0" encoding="UTF-8"?>
<testsuite xmlns:xsi="http://www.w3.org/2001/XMLSchema-instance" xsi:noNamespaceSchemaLocation="https://maven.apache.org/surefire/maven-surefire-plugin/xsd/surefire-test-report.xsd" name="br.ufes.avlimites.tests.TestCliente" time="0.047" tests="2" errors="0" skipped="0" failures="0">
  <properties>
[...]
</properties>
  <testcase name="CT04" classname="br.ufes.avlimites.tests.TestCliente" time="0.047"/>
  <testcase name="CT06" classname="br.ufes.avlimites.tests.TestCliente" time="0"/>
</testsuite>